2015-02-17 11:18:09 Error: [MissingActionException] Action AppController::index.php() could not be found.
Exception Attributes: array (
  'controller' => 'AppController',
  'action' => 'index.php',
)
Request URL: /app/index.php
Stack Trace:
#0 /Git/CE/lib/Cake/Routing/Dispatcher.php(193): Controller->invokeAction(Object(CakeRequest))
#1 /Git/CE/lib/Cake/Routing/Dispatcher.php(167): Dispatcher->_invoke(Object(AppController), Object(CakeRequest))
#2 /Git/CE/app/webroot/index.php(118): Dispatcher->dispatch(Object(CakeRequest), Object(CakeResponse))
#3 /Git/CE/app/index.php(17): require('/Git/CE/app/web...')
#4 {main}
2015-02-17 15:08:05 Error: [MissingPluginException] Plugin BoostCake could not be found.
Exception Attributes: array (
  'plugin' => 'BoostCake',
)
Stack Trace:
#0 /website/html/ProjetFinal/CE/app/Config/bootstrap.php(115): CakePlugin::load('BoostCake')
#1 /website/html/ProjetFinal/CE/lib/Cake/Core/Configure.php(92): include('/website/html/P...')
#2 /website/html/ProjetFinal/CE/lib/Cake/bootstrap.php(175): Configure::bootstrap(true)
#3 /website/html/ProjetFinal/CE/app/webroot/index.php(100): include('/website/html/P...')
#4 {main}
2015-02-17 15:08:09 Error: [MissingPluginException] Plugin BoostCake could not be found.
Exception Attributes: array (
  'plugin' => 'BoostCake',
)
Stack Trace:
#0 /website/html/ProjetFinal/CE/app/Config/bootstrap.php(115): CakePlugin::load('BoostCake')
#1 /website/html/ProjetFinal/CE/lib/Cake/Core/Configure.php(92): include('/website/html/P...')
#2 /website/html/ProjetFinal/CE/lib/Cake/bootstrap.php(175): Configure::bootstrap(true)
#3 /website/html/ProjetFinal/CE/app/webroot/index.php(100): include('/website/html/P...')
#4 {main}
2015-02-17 15:08:10 Error: [MissingPluginException] Plugin BoostCake could not be found.
Exception Attributes: array (
  'plugin' => 'BoostCake',
)
Stack Trace:
#0 /website/html/ProjetFinal/CE/app/Config/bootstrap.php(115): CakePlugin::load('BoostCake')
#1 /website/html/ProjetFinal/CE/lib/Cake/Core/Configure.php(92): include('/website/html/P...')
#2 /website/html/ProjetFinal/CE/lib/Cake/bootstrap.php(175): Configure::bootstrap(true)
#3 /website/html/ProjetFinal/CE/app/webroot/index.php(100): include('/website/html/P...')
#4 {main}
2015-02-17 15:08:10 Error: [MissingPluginException] Plugin BoostCake could not be found.
Exception Attributes: array (
  'plugin' => 'BoostCake',
)
Stack Trace:
#0 /website/html/ProjetFinal/CE/app/Config/bootstrap.php(115): CakePlugin::load('BoostCake')
#1 /website/html/ProjetFinal/CE/lib/Cake/Core/Configure.php(92): include('/website/html/P...')
#2 /website/html/ProjetFinal/CE/lib/Cake/bootstrap.php(175): Configure::bootstrap(true)
#3 /website/html/ProjetFinal/CE/app/webroot/index.php(100): include('/website/html/P...')
#4 {main}
2015-02-17 15:08:10 Error: [MissingPluginException] Plugin BoostCake could not be found.
Exception Attributes: array (
  'plugin' => 'BoostCake',
)
Stack Trace:
#0 /website/html/ProjetFinal/CE/app/Config/bootstrap.php(115): CakePlugin::load('BoostCake')
#1 /website/html/ProjetFinal/CE/lib/Cake/Core/Configure.php(92): include('/website/html/P...')
#2 /website/html/ProjetFinal/CE/lib/Cake/bootstrap.php(175): Configure::bootstrap(true)
#3 /website/html/ProjetFinal/CE/app/webroot/index.php(100): include('/website/html/P...')
#4 {main}
2015-02-17 15:11:58 Error: [MissingControllerException] Controller class CssController could not be found.
Exception Attributes: array (
  'class' => 'CssController',
  'plugin' => NULL,
)
Request URL: /ProjetFinal/CE/css/cake.generic.css
Stack Trace:
#0 /website/html/ProjetFinal/CE/app/webroot/index.php(118): Dispatcher->dispatch(Object(CakeRequest), Object(CakeResponse))
#1 {main}
2015-02-17 15:11:59 Error: [MissingControllerException] Controller class CssController could not be found.
Exception Attributes: array (
  'class' => 'CssController',
  'plugin' => NULL,
)
Request URL: /ProjetFinal/CE/css/cake.generic.css
Stack Trace:
#0 /website/html/ProjetFinal/CE/app/webroot/index.php(118): Dispatcher->dispatch(Object(CakeRequest), Object(CakeResponse))
#1 {main}
2015-02-17 15:11:59 Error: [MissingControllerException] Controller class CssController could not be found.
Exception Attributes: array (
  'class' => 'CssController',
  'plugin' => NULL,
)
Request URL: /ProjetFinal/CE/css/cake.generic.css
Stack Trace:
#0 /website/html/ProjetFinal/CE/app/webroot/index.php(118): Dispatcher->dispatch(Object(CakeRequest), Object(CakeResponse))
#1 {main}
2015-02-17 15:11:59 Error: [MissingControllerException] Controller class CssController could not be found.
Exception Attributes: array (
  'class' => 'CssController',
  'plugin' => NULL,
)
Request URL: /ProjetFinal/CE/css/cake.generic.css
Stack Trace:
#0 /website/html/ProjetFinal/CE/app/webroot/index.php(118): Dispatcher->dispatch(Object(CakeRequest), Object(CakeResponse))
#1 {main}
2015-02-17 15:12:12 Error: [MissingControllerException] Controller class CssController could not be found.
Exception Attributes: array (
  'class' => 'CssController',
  'plugin' => NULL,
)
Request URL: /ProjetFinal/CE/css/cake.generic.css
Stack Trace:
#0 /website/html/ProjetFinal/CE/app/webroot/index.php(118): Dispatcher->dispatch(Object(CakeRequest), Object(CakeResponse))
#1 {main}
2015-02-17 15:28:12 Error: [MissingControllerException] Controller class CssController could not be found.
Exception Attributes: array (
  'class' => 'CssController',
  'plugin' => NULL,
)
Request URL: /ProjetFinal/CE/css/cake.generic.css
Stack Trace:
#0 /website/html/ProjetFinal/CE/app/webroot/index.php(118): Dispatcher->dispatch(Object(CakeRequest), Object(CakeResponse))
#1 {main}
